2023-06-05 12:42:37,749 - INFO - 使用者 Mia 登入成功
2023-06-05 12:42:48,654 - INFO - User Mia Log Out
2023-06-05 12:43:13,594 - INFO - Admin Ava 登入成功
2023-06-05 12:43:15,824 - INFO - Admin Ava is editting
2023-06-05 12:43:19,177 - INFO - Admin Ava is editting
2023-06-05 12:43:21,320 - INFO - Admin Ava is adding
2023-06-05 12:43:27,743 - INFO - User Ava Log Out
2023-06-05 12:53:35,327 - INFO - 使用者 Mia 登入成功
2023-06-05 13:36:50,483 - INFO - Admin Ava 登入成功
2023-06-05 13:37:21,781 - INFO - Admin Ava 登入成功
2023-06-05 13:39:43,039 - INFO - Admin Ava 登入成功
2023-06-05 19:56:02,198 - INFO - 使用者 Mia 登入成功
2023-06-05 19:56:31,907 - INFO - 使用者 Mia is Paying
2023-06-05 19:56:34,186 - INFO - 使用者 {payment.oNo} 付款成功
2023-06-05 19:56:37,129 - INFO - User Mia Log Out
2023-06-05 19:56:57,911 - INFO - Admin Ava 登入成功
2023-06-05 19:57:02,260 - INFO - Admin Ava is adding
2023-06-05 19:57:05,059 - INFO - Admin Ava is editting
2023-06-05 19:57:52,335 - INFO - User Ava Log Out
2023-06-05 22:19:56,278 - INFO - Admin Ava 登入成功
2023-06-05 22:25:19,541 - INFO - User Ava Log Out
2023-06-05 22:25:23,400 - INFO - 使用者 Mia 登入成功
2023-06-05 22:30:40,389 - INFO - 使用者 Mia 登入成功
2023-06-05 22:31:21,040 - INFO - 使用者 Mia 登入成功
2023-06-05 22:32:18,927 - INFO - 使用者 Mia 登入成功
2023-06-05 22:34:48,219 - INFO - 使用者 Mia 登入成功
2023-06-05 22:35:29,354 - INFO - 使用者 Mia 登入成功
2023-06-05 22:38:06,175 - INFO - 使用者 Mia 登入成功
2023-06-05 22:38:36,481 - INFO - 使用者 Mia 登入成功
2023-06-05 22:38:47,272 - INFO - Admin Ava 登入成功
2023-06-05 22:38:52,292 - INFO - Admin Ava is editting
2023-06-05 22:38:56,540 - INFO - Admin Ava's update complete
2023-06-05 22:38:59,920 - INFO - Admin Ava is editting
2023-06-05 22:39:03,460 - INFO - Admin Ava's update complete
2023-06-05 22:43:15,517 - INFO - Admin Ava 登入成功
2023-06-05 22:46:27,140 - INFO - Admin Ava 登入成功
2023-06-05 22:48:07,232 - INFO - Admin Ava 登入成功
2023-06-05 22:49:05,266 - INFO - Admin Ava 登入成功
2023-06-05 22:49:42,216 - INFO - Admin Ava 登入成功
2023-06-05 22:59:26,262 - INFO - Admin Ava 登入成功
2023-06-05 23:00:30,557 - INFO - 使用者 Mia 登入成功
2023-06-05 23:00:40,880 - INFO - User Mia Log Out
2023-06-05 23:00:51,786 - INFO - Admin Ava 登入成功
2023-06-05 23:02:39,160 - INFO - Admin Ava 登入成功
2023-06-05 23:03:11,059 - INFO - Admin Ava 登入成功
2023-06-05 23:09:27,590 - INFO - Admin Ava 登入成功
2023-06-05 23:09:53,442 - INFO - Admin Ava 登入成功
2023-06-05 23:11:12,076 - INFO - Admin Ava 登入成功
2023-06-05 23:12:09,553 - INFO - Admin Ava 登入成功
2023-06-05 23:12:34,142 - INFO - Admin Ava 登入成功
2023-06-05 23:13:30,294 - INFO - Admin Ava 登入成功
2023-06-05 23:14:24,990 - INFO - Admin Ava 登入成功
2023-06-05 23:17:02,172 - INFO - Admin Ava 登入成功
2023-06-05 23:18:55,054 - INFO - Admin Ava 登入成功
2023-06-05 23:19:45,373 - INFO - Admin Ava 登入成功
2023-06-05 23:24:18,962 - INFO - Admin Ava 登入成功
2023-06-05 23:24:51,510 - INFO - Admin Ava 登入成功
2023-06-05 23:27:13,852 - INFO - Admin Ava 登入成功
2023-06-05 23:30:31,340 - INFO - Admin Ava 登入成功
2023-06-05 23:30:53,963 - INFO - Admin Ava 登入成功
2023-06-05 23:31:28,116 - INFO - Admin Ava 登入成功
2023-06-05 23:36:51,515 - INFO - Admin Ava 登入成功
2023-06-05 23:37:46,994 - INFO - Admin Ava 登入成功
2023-06-05 23:39:12,633 - INFO - Admin Ava 登入成功
2023-06-05 23:43:05,782 - INFO - Admin Ava 登入成功
2023-06-05 23:44:38,206 - INFO - Admin Ava 登入成功
2023-06-06 21:21:50,716 - INFO - 使用者 Mia 登入成功
2023-06-06 21:22:02,508 - INFO - 使用者 Mia is Paying
2023-06-06 21:22:04,242 - INFO - 使用者 {payment.oNo} 付款成功
2023-06-06 21:22:08,385 - INFO - User Mia Log Out
2023-06-06 21:22:11,615 - INFO - Admin Ava 登入成功
2023-06-06 21:22:13,743 - INFO - Admin Ava is adding
2023-06-06 21:22:18,196 - INFO - Admin Ava is editting
2023-06-06 21:22:20,676 - INFO - Admin Ava Deleted F001      
2023-06-06 21:22:43,374 - INFO - User Ava Log Out
2023-06-08 15:13:53,120 - INFO - 使用者 Mia 登入成功
2023-06-08 15:16:55,379 - INFO - 使用者 Mia is Paying
2023-06-08 15:17:05,662 - INFO - 使用者 {payment.oNo} 付款成功
2023-06-08 15:17:10,371 - INFO - User Mia Log Out
2023-06-08 15:17:25,578 - INFO - Admin Ava 登入成功
2023-06-08 15:19:56,172 - INFO - Admin Ava is editting
2023-06-08 15:19:58,565 - INFO - Admin Ava is adding
2023-06-08 15:20:03,329 - INFO - Admin Ava is editting
2023-06-08 15:24:26,618 - INFO - 使用者 Mia 登入成功
2023-06-08 15:24:29,112 - INFO - 使用者 Mia is Paying
2023-06-08 15:24:29,714 - INFO - 使用者 {payment.oNo} 付款成功
2023-06-08 15:27:48,041 - INFO - 使用者 Mia 登入成功
2023-06-08 15:27:50,481 - INFO - 使用者 Mia is Paying
2023-06-08 15:27:54,281 - INFO - 使用者 M012       付款成功
2023-06-08 15:28:06,300 - INFO - User Mia Log Out
2023-06-08 15:28:09,970 - INFO - Admin Ava 登入成功
2023-06-08 15:34:52,283 - INFO - Admin Ava 登入成功
2023-06-08 15:42:08,257 - INFO - Admin Ava is editting
2023-06-08 15:42:12,194 - INFO - Admin Ava's update complete
2023-06-08 15:42:14,568 - INFO - Admin Ava is editting
2023-06-08 15:42:17,370 - INFO - Admin Ava's update complete
2023-06-08 15:42:19,101 - INFO - Admin Ava is adding
2023-06-08 15:42:51,540 - INFO - User Ava Log Out
2023-06-08 15:42:58,355 - INFO - 使用者 Mia 登入成功
2023-06-08 15:43:33,450 - INFO - 使用者 Mia is Paying
2023-06-08 15:45:01,238 - INFO - User Mia Log Out
2023-06-09 22:32:52,356 - INFO - 使用者 Mia 登入成功
2023-06-09 22:33:34,082 - INFO - 使用者 Mia 登入成功
2023-06-09 22:35:54,871 - INFO - 使用者 Mia 登入成功
2023-06-09 22:37:39,070 - INFO - 使用者 Mia 登入成功
2023-06-09 22:45:12,442 - INFO - 使用者 Mia 登入成功
2023-06-09 22:46:44,292 - INFO - 使用者 Mia 登入成功
2023-06-09 23:12:19,536 - INFO - 使用者 Mia 登入成功
2023-06-09 23:15:46,108 - INFO - 使用者 Mia 登入成功
2023-06-09 23:17:01,590 - INFO - 使用者 Mia 登入成功
2023-06-09 23:17:56,964 - INFO - 使用者 Mia 登入成功
2023-06-09 23:18:02,557 - INFO - User Mia Log Out
2023-06-09 23:18:25,589 - INFO - 使用者 Mia 登入成功
2023-06-09 23:19:29,242 - INFO - 使用者 Mia 登入成功
2023-06-09 23:19:38,654 - INFO - User Mia Log Out
2023-06-09 23:20:04,174 - INFO - 使用者 Mia 登入成功
2023-06-09 23:21:36,861 - INFO - 使用者 Mia 登入成功
2023-06-09 23:23:42,191 - INFO - 使用者 Mia 登入成功
2023-06-09 23:25:23,737 - INFO - 使用者 Mia 登入成功
2023-06-09 23:27:21,492 - INFO - 使用者 Mia 登入成功
2023-06-09 23:28:40,165 - INFO - 使用者 Mia 登入成功
2023-06-09 23:29:23,306 - INFO - 使用者 Mia 登入成功
2023-06-09 23:29:36,311 - INFO - 使用者 Mia 登入成功
2023-06-09 23:31:37,070 - INFO - 使用者 Mia 登入成功
2023-06-09 23:37:38,219 - INFO - 使用者 Mia 登入成功
2023-06-09 23:39:12,425 - INFO - 使用者 Mia 登入成功
2023-06-09 23:41:00,087 - INFO - 使用者 Mia 登入成功
2023-06-09 23:41:51,326 - INFO - 使用者 Mia 登入成功
2023-06-09 23:42:13,694 - INFO - 使用者 Mia 登入成功
2023-06-09 23:42:49,190 - INFO - 使用者 Mia 登入成功
2023-06-09 23:44:06,218 - INFO - 使用者 Mia 登入成功
2023-06-09 23:45:47,417 - INFO - 使用者 Mia 登入成功
2023-06-09 23:46:53,747 - INFO - 使用者 Mia 登入成功
2023-06-09 23:47:16,038 - INFO - 使用者 Mia 登入成功
2023-06-09 23:47:49,739 - INFO - 使用者 Mia 登入成功
2023-06-09 23:48:49,697 - INFO - 使用者 Mia 登入成功
2023-06-09 23:49:58,027 - INFO - 使用者 Mia 登入成功
2023-06-09 23:51:45,891 - INFO - 使用者 Mia 登入成功
2023-06-09 23:52:28,585 - INFO - 使用者 Mia 登入成功
2023-06-09 23:53:19,937 - INFO - 使用者 Mia 登入成功
2023-06-09 23:54:29,666 - INFO - 使用者 Mia 登入成功
2023-06-09 23:54:49,126 - INFO - 使用者 Mia 登入成功
2023-06-09 23:58:31,302 - INFO - 使用者 Mia 登入成功
2023-06-09 23:59:02,355 - INFO - 使用者 Mia 登入成功
2023-06-10 00:00:59,772 - INFO - 使用者 Mia 登入成功
2023-06-10 00:01:30,014 - INFO - 使用者 Mia 登入成功
2023-06-10 00:01:45,395 - INFO - 使用者 Mia is Paying
2023-06-10 13:59:18,222 - INFO - 使用者 Mia 登入成功
2023-06-10 14:04:04,350 - INFO - 使用者 Mia 登入成功
2023-06-10 14:04:29,261 - INFO - 使用者 Mia 登入成功
2023-06-10 14:05:42,864 - INFO - 使用者 Mia 登入成功
2023-06-10 14:06:12,776 - INFO - 使用者 Mia 登入成功
2023-06-10 14:06:51,271 - INFO - 使用者 Mia 登入成功
2023-06-10 14:08:13,103 - INFO - 使用者 Mia 登入成功
2023-06-10 14:10:29,963 - INFO - 使用者 Mia 登入成功
2023-06-10 14:12:51,807 - INFO - 使用者 Mia 登入成功
2023-06-10 14:14:23,227 - INFO - 使用者 Mia 登入成功
2023-06-10 14:19:32,607 - INFO - 使用者 Mia 登入成功
2023-06-10 14:24:53,655 - INFO - 使用者 Mia is Paying
2023-06-10 14:25:35,476 - INFO - 使用者 Mia 登入成功
2023-06-10 14:25:38,310 - INFO - 使用者 Mia is Paying
2023-06-10 14:28:51,574 - INFO - 使用者 Mia 登入成功
2023-06-10 14:28:54,654 - INFO - 使用者 Mia is Paying
2023-06-10 14:32:07,450 - INFO - 使用者 Mia is Paying
2023-06-10 14:33:28,620 - INFO - 使用者 Mia is Paying
2023-06-10 14:37:15,417 - INFO - 使用者 Mia is Paying
2023-06-10 14:41:53,920 - INFO - 使用者 Mia is Paying
2023-06-10 14:52:54,028 - INFO - 使用者 Mia 登入成功
2023-06-10 14:55:28,788 - INFO - 使用者 Mia 登入成功
2023-06-10 14:58:51,947 - INFO - 使用者 Mia is Paying
2023-06-10 14:59:39,731 - INFO - 使用者 Mia is Paying
2023-06-10 14:59:42,651 - INFO - 使用者 Mia is Paying
2023-06-10 15:01:19,288 - INFO - 使用者 Mia is Paying
2023-06-10 15:02:22,296 - INFO - 使用者 Mia is Paying
2023-06-10 15:03:31,615 - INFO - 使用者 Mia is Paying
2023-06-10 15:05:19,754 - INFO - 使用者 Mia is Paying
2023-06-10 15:06:21,205 - INFO - 使用者 Mia is Paying
2023-06-10 15:06:26,905 - INFO - 使用者 M012       付款成功
2023-06-10 15:06:31,437 - INFO - 使用者 Mia is Paying
2023-06-10 15:09:02,018 - INFO - 使用者 Mia is Paying
2023-06-10 15:09:05,013 - INFO - 使用者 M012       付款成功
2023-06-10 15:09:12,160 - INFO - 使用者 Mia is Paying
2023-06-10 15:10:30,377 - INFO - 使用者 Mia is Paying
2023-06-10 15:11:13,799 - INFO - 使用者 Mia is Paying
2023-06-10 15:11:15,502 - INFO - 使用者 M012       付款成功
2023-06-10 15:11:36,518 - INFO - 使用者 Mia is Paying
2023-06-10 15:11:40,838 - INFO - 使用者 M012       付款成功
2023-06-10 15:17:22,900 - INFO - 使用者 M012       付款成功
2023-06-10 15:18:37,221 - INFO - 使用者 M012       付款成功
2023-06-10 15:18:38,486 - INFO - 使用者 M012       付款成功
2023-06-10 15:18:54,437 - INFO - 使用者 M012       付款成功
2023-06-10 15:19:17,663 - INFO - User Mia Log Out
2023-06-10 15:19:21,827 - INFO - Admin Ava 登入成功
2023-06-10 15:21:04,199 - INFO - Admin Ava is editting
2023-06-10 15:26:53,969 - INFO - Admin Ava is adding
2023-06-10 15:26:56,159 - INFO - Admin Ava is editting
2023-06-10 15:26:58,958 - INFO - Admin Ava Deleted F002      
2023-06-10 15:32:35,243 - INFO - Admin Ava is adding
2023-06-10 15:32:37,885 - INFO - Admin Ava is editting
2023-06-10 15:32:40,997 - INFO - Admin Ava's update complete
2023-06-10 15:35:14,838 - INFO - User Ava Log Out
2023-06-10 15:35:46,618 - INFO - 使用者 Mia 登入成功
2023-06-10 15:35:51,636 - INFO - 使用者 Mia is Paying
2023-06-10 15:35:52,968 - INFO - 使用者 M012       付款成功
2023-06-10 15:35:55,711 - INFO - User Mia Log Out
2023-06-10 15:35:58,906 - INFO - Admin Ava 登入成功
2023-06-10 15:35:59,856 - INFO - Admin Ava is adding
2023-06-10 15:36:01,929 - INFO - Admin Ava is editting
2023-06-10 15:36:05,589 - INFO - Admin Ava's update complete
2023-06-10 15:36:14,411 - INFO - User Ava Log Out
2023-06-10 15:37:31,271 - INFO - Admin Ava 登入成功
2023-06-10 15:37:48,675 - INFO - User Ava Log Out
2023-06-10 16:16:37,699 - INFO - Admin Admin 登入成功
2023-06-10 16:16:46,679 - INFO - User Admin Log Out
2023-06-10 22:07:33,948 - INFO - 使用者 Mia 登入成功
2023-06-10 22:07:41,367 - INFO - 使用者 Mia is Paying
2023-06-10 22:09:21,718 - INFO - 使用者 Mia is Paying
2023-06-10 22:09:28,776 - INFO - 使用者 Mia is Paying
2023-06-10 22:11:18,685 - INFO - 使用者 Mia is Paying
2023-06-10 22:13:50,033 - INFO - 使用者 Mia is Paying
2023-06-10 22:13:52,344 - INFO - 使用者 Mia is Paying
2023-06-10 22:14:55,487 - INFO - 使用者 Mia is Paying
2023-06-10 22:17:13,513 - INFO - 使用者 Mia is Paying
2023-06-10 22:17:40,073 - INFO - 使用者 Mia is Paying
2023-06-10 22:22:51,935 - INFO - User Mia Log Out
2023-06-10 22:24:02,613 - INFO - 使用者 Mia 登入成功
2023-06-10 22:24:06,503 - INFO - 使用者 Mia is Paying
2023-06-10 22:24:10,978 - INFO - User Mia Log Out
2023-06-10 22:24:14,142 - INFO - Admin Admin 登入成功
2023-06-10 22:24:16,223 - INFO - Admin Admin is adding
2023-06-10 22:24:21,022 - INFO - Admin Admin is editting
2023-06-10 22:24:24,783 - INFO - Admin Admin's update complete
2023-06-10 22:24:39,177 - INFO - User Admin Log Out
2023-06-12 12:05:44,108 - INFO - 使用者 Mia 登入成功
2023-06-12 12:49:17,775 - INFO - 使用者 Mia 登入成功
2023-06-12 12:50:12,903 - INFO - 使用者 Mia 登入成功
2023-06-12 12:52:50,742 - INFO - 使用者 Mia 登入成功
2023-06-12 12:54:47,419 - INFO - User Mia Log Out
2023-06-12 12:54:50,992 - INFO - 使用者 Mia 登入成功
2023-06-12 14:28:43,633 - INFO - 使用者 Mia 登入成功
2023-06-12 14:33:47,605 - INFO - 使用者 Mia 登入成功
2023-06-12 14:34:24,336 - INFO - User Mia Log Out
2023-06-12 14:34:27,835 - INFO - 使用者 Mia 登入成功
2023-06-12 14:39:14,352 - INFO - 使用者 Mia 登入成功
2023-06-12 14:40:50,063 - INFO - 使用者 Mia 登入成功
2023-06-12 14:41:44,317 - INFO - 使用者 Mia 登入成功
2023-06-12 14:42:19,817 - INFO - 使用者 Mia 登入成功
2023-06-12 14:42:56,478 - INFO - User Mia Log Out
2023-06-12 14:43:00,175 - INFO - Admin Admin 登入成功
2023-06-12 14:50:43,721 - INFO - User Admin Log Out
2023-06-12 14:50:46,252 - INFO - 使用者 Mia 登入成功
2023-06-12 14:51:45,930 - INFO - Admin Admin 登入成功
2023-06-12 15:10:05,201 - INFO - Admin Admin 登入成功
2023-06-12 15:12:56,191 - INFO - User Admin Log Out
2023-06-12 15:12:59,000 - INFO - 使用者 Ava 登入成功
2023-06-12 15:13:05,066 - INFO - User Ava Log Out
2023-06-12 21:12:39,401 - INFO - 使用者 Mia 登入成功
2023-06-12 22:35:41,772 - INFO - 使用者 Mia 登入成功
2023-06-12 22:37:02,522 - INFO - User Mia Log Out
2023-06-12 22:37:06,128 - INFO - Admin Admin 登入成功
2023-06-12 22:43:57,830 - INFO - User Admin Log Out
2023-06-12 22:44:00,513 - INFO - 使用者 Mia 登入成功
2023-06-12 22:49:38,535 - INFO - User Mia Log Out
2023-06-12 22:49:42,756 - INFO - Admin Admin 登入成功
2023-06-12 23:02:45,512 - INFO - User Admin Log Out
2023-06-12 23:02:49,086 - INFO - 使用者 Mia 登入成功
2023-06-12 23:30:38,742 - INFO - 使用者 Mia 登入成功
2023-06-12 23:34:35,733 - INFO - User Mia Log Out
2023-06-12 23:34:38,407 - INFO - 使用者 Mia 登入成功
2023-06-13 00:15:54,783 - INFO - User Mia Log Out
2023-06-13 00:15:58,594 - INFO - Admin Admin 登入成功
2023-06-13 00:16:07,497 - INFO - Admin Admin is adding
2023-06-13 00:16:11,193 - INFO - User Admin Log Out
2023-06-13 00:16:42,509 - INFO - Admin Admin 登入成功
2023-06-13 00:16:43,657 - INFO - Admin Admin is adding
2023-06-13 00:17:15,391 - INFO - User Admin Log Out
2023-06-13 00:17:18,737 - INFO - 使用者 Mia 登入成功
2023-06-13 00:17:31,445 - INFO - User Mia Log Out
2023-06-13 10:29:05,498 - INFO - 使用者 Ava 登入成功
2023-06-13 10:30:32,314 - INFO - 使用者 Ava is Paying
2023-06-13 10:30:34,043 - INFO - 使用者 M014       付款成功
2023-06-13 10:33:11,030 - INFO - User Ava Log Out
2023-06-13 10:33:17,214 - INFO - Admin Admin 登入成功
2023-06-13 13:08:54,346 - INFO - User Admin Log Out
2023-06-13 13:14:18,841 - INFO - Admin Admin 登入成功2023-06-13 14:14:33,976 - INFO - 使用者 Mia 登入成功
2023-06-13 14:14:37,180 - INFO - 使用者 Mia is Paying
2023-06-13 14:14:44,511 - INFO - User Mia Log Out
2023-06-13 14:24:19,326 - INFO - 使用者 Mia 登入成功
2023-06-13 14:25:00,127 - INFO - 使用者 Mia 登入成功
2023-06-13 14:25:01,207 - INFO - User Mia Log Out
2023-06-13 14:28:03,662 - INFO - Admin Admin 登入成功
2023-06-13 14:29:05,453 - INFO - User Admin Log Out
2023-06-13 14:29:09,651 - INFO - 使用者 Mia 登入成功
2023-06-13 14:43:04,558 - INFO - User Mia Log Out
2023-06-13 14:44:07,940 - INFO - Admin Admin 登入成功
2023-06-13 14:45:00,964 - INFO - User Admin Log Out
2023-06-13 14:45:03,941 - INFO - 使用者 Mia 登入成功
2023-06-13 14:54:40,855 - INFO - 使用者 Mia 登入成功
2023-06-13 14:54:48,330 - INFO - 使用者 Mia is Paying
2023-06-13 14:54:50,190 - INFO - 使用者 M012       付款成功
2023-06-13 14:54:54,079 - INFO - User Mia Log Out
2023-06-13 14:54:58,137 - INFO - Admin Admin 登入成功
2023-06-13 14:55:01,276 - INFO - Admin Admin is editting
2023-06-13 14:55:03,313 - INFO - Admin Admin is adding
2023-06-13 21:55:25,369 - INFO - 使用者 Mia 登入成功
2023-06-13 21:57:31,275 - INFO - 使用者 Mia is Paying
2023-06-13 21:57:40,300 - INFO - User Mia Log Out
2023-06-13 21:57:43,825 - INFO - Admin Admin 登入成功
2023-06-13 21:57:48,949 - INFO - Admin Admin is adding
2023-06-13 21:58:56,049 - INFO - Admin Admin is editting
2023-06-13 21:58:59,776 - INFO - Admin Admin's update complete
2023-06-13 22:46:20,553 - INFO - User Admin Log Out
2023-06-13 22:46:24,419 - INFO - 使用者 Mia 登入成功
2023-06-13 22:46:35,231 - INFO - User Mia Log Out
2023-06-13 22:46:38,329 - INFO - Admin Admin 登入成功
2023-06-13 22:47:27,747 - INFO - User Admin Log Out
2023-06-13 23:22:04,313 - INFO - Admin Admin 登入成功
2023-06-13 23:22:39,346 - INFO - User Admin Log Out
2023-06-14 00:02:37,107 - INFO - Admin Admin 登入成功
2023-06-14 00:05:43,598 - INFO - Admin Admin 登入成功
2023-06-14 00:07:12,027 - INFO - User Admin Log Out
2023-06-15 10:41:39,557 - INFO - Admin Admin 登入成功
2023-06-15 11:06:35,462 - INFO - Admin Admin 登入成功
2023-06-15 12:55:48,925 - INFO - Admin Admin 登入成功
2023-06-15 14:15:06,071 - INFO - 使用者 Mia 登入成功
2023-06-15 14:18:06,155 - INFO - 使用者 Mia 登入成功
2023-06-16 22:34:59,953 - INFO - Admin Admin 登入成功
2023-06-17 00:09:48,799 - INFO - Admin Admin 登入成功
2023-06-17 00:46:05,187 - INFO - User Admin Log Out
2023-06-17 15:14:24,214 - INFO - 使用者 Mia 登入成功
2023-06-17 15:14:53,143 - INFO - User Mia Log Out
2023-06-17 15:14:56,174 - INFO - Admin Admin 登入成功
2023-06-17 15:15:00,717 - INFO - Admin Admin is editting
2023-06-17 15:56:53,523 - INFO - 使用者 Mia 登入成功
2023-06-17 15:57:09,712 - INFO - 使用者 Mia is Paying
2023-06-17 15:59:47,591 - INFO - 使用者 Mia 登入成功
2023-06-17 15:59:58,621 - INFO - 使用者 Mia is Paying
2023-06-17 16:00:08,700 - INFO - User Mia Log Out
2023-06-19 02:16:53,967 - INFO - 使用者 Mia 登入成功
2023-06-19 02:17:03,276 - INFO - 使用者 Mia is Paying
2023-06-19 02:17:10,800 - INFO - User Mia Log Out
2023-06-19 02:17:13,984 - INFO - Admin Admin 登入成功
2023-06-19 02:17:29,048 - INFO - Admin Admin Deleted F003      
2023-06-19 02:17:33,336 - INFO - User Admin Log Out
2023-06-19 22:49:56,495 - INFO - 使用者 Mia 登入成功
2023-06-19 22:58:14,523 - INFO - Admin Admin 登入成功
2023-06-19 22:59:19,024 - INFO - User Admin Log Out
2023-06-20 00:17:55,385 - INFO - 使用者 Mia 登入成功
2023-06-20 00:17:58,517 - INFO - User Mia Log Out
2023-06-20 00:18:02,101 - INFO - Admin Admin 登入成功
2023-06-20 00:19:21,167 - INFO - Admin Admin 登入成功
2023-06-20 00:22:11,356 - INFO - 使用者 Mia 登入成功
2023-06-20 00:22:41,262 - INFO - 使用者 李昀澔 登入成功
2023-06-20 00:22:45,575 - INFO - User 李昀澔 Log Out
2023-06-20 00:22:48,684 - INFO - Admin Admin 登入成功
2023-06-20 00:22:54,626 - INFO - User deleted complete
2023-06-20 00:27:57,998 - INFO - 李昀澔 註冊成功
2023-06-20 00:28:12,850 - INFO - 使用者 李昀澔 登入成功
2023-06-20 00:29:28,085 - INFO - 使用者 李昀澔 is Paying
2023-06-20 00:29:40,784 - INFO - 使用者 M021       付款成功
2023-06-20 00:29:50,232 - INFO - User 李昀澔 Log Out
2023-06-20 00:30:16,692 - INFO - Admin Admin 登入成功
2023-06-20 00:30:21,952 - INFO - Admin Admin is adding
2023-06-20 00:30:36,776 - INFO - FLight ID F022 132 added
2023-06-20 00:30:36,780 - INFO - Admin Admin's update complete
2023-06-20 00:30:36,796 - INFO - Admin Admin's update complete
2023-06-20 00:30:53,021 - INFO - Admin Admin is editting
2023-06-20 00:30:57,691 - INFO - Admin Admin's update complete
2023-06-20 00:31:01,604 - INFO - Admin Admin Deleted F004      
2023-06-20 00:31:35,620 - INFO - Oreder已刪除
2023-06-20 00:32:11,409 - INFO - User editted complete
2023-06-20 00:33:21,895 - INFO - User Admin Log Out
2023-06-20 00:33:33,018 - INFO - Admin Emily 登入成功
2023-06-20 00:33:42,783 - INFO - User Emily Log Out
2023-06-20 00:59:15,047 - INFO - Admin Admin 登入成功
2023-06-20 00:59:21,985 - INFO - Admin Admin Deleted F022      
2023-06-20 00:59:43,906 - INFO - User Admin Log Out
2023-06-20 01:04:50,354 - INFO - 李昀澔 註冊成功
2023-06-20 01:05:03,536 - INFO - 使用者 李昀澔 登入成功
2023-06-20 01:08:05,977 - INFO - 使用者 李昀澔 is Paying
2023-06-20 01:08:27,617 - INFO - 使用者 M022       付款成功
2023-06-20 01:08:36,970 - INFO - User 李昀澔 Log Out
2023-06-20 01:08:50,945 - INFO - Admin Admin 登入成功
2023-06-20 01:08:57,189 - INFO - Admin Admin is adding
2023-06-20 01:09:15,652 - INFO - Admin Admin is adding
2023-06-20 01:09:25,130 - INFO - FLight ID F022 132 added
2023-06-20 01:09:25,135 - INFO - Admin Admin's update complete
2023-06-20 01:09:25,143 - INFO - Admin Admin's update complete
2023-06-20 01:09:38,623 - INFO - Admin Admin is editting
2023-06-20 01:09:43,497 - INFO - Admin Admin's update complete
2023-06-20 01:10:01,743 - INFO - Admin Admin Deleted F005      
2023-06-20 01:11:50,590 - INFO - Oreder已刪除
2023-06-20 01:12:17,668 - INFO - User editted complete
2023-06-20 01:12:27,515 - INFO - User deleted complete
2023-06-20 01:13:28,431 - INFO - User Admin Log Out
